0 info it worked if it ends with ok
1 verbose cli [ '/usr/bin/node', '/usr/bin/npm', 'run', 'test' ]
2 info using npm@3.10.10
3 info using node@v6.11.4
4 verbose run-script [ 'pretest', 'test', 'posttest' ]
5 info lifecycle leaflet-geographicutil@0.0.1~pretest: leaflet-geographicutil@0.0.1
6 silly lifecycle leaflet-geographicutil@0.0.1~pretest: no script for pretest, continuing
7 info lifecycle leaflet-geographicutil@0.0.1~test: leaflet-geographicutil@0.0.1
8 verbose lifecycle leaflet-geographicutil@0.0.1~test: unsafe-perm in lifecycle true
9 verbose lifecycle leaflet-geographicutil@0.0.1~test: PATH: /usr/lib/node_modules/npm/bin/node-gyp-bin:/home/nicolas/Projects/Leaflet.GeographicUtil/node_modules/.bin:/home/nicolas/.rbenv/shims:/home/nicolas/bin:/home/nicolas/.rbenv/bin:/home/nicolas/.rbenv/shims:/home/nicolas/bin:/home/nicolas/.rbenv/bin:/home/nicolas/bin:/usr/local/sbin:/usr/local/bin:/usr/sbin:/usr/bin:/sbin:/bin:/usr/games:/usr/local/games:/snap/bin:/home/nicolas/.fzf/bin:/home/nicolas/.vimpkg/bin
10 verbose lifecycle leaflet-geographicutil@0.0.1~test: CWD: /home/nicolas/Projects/Leaflet.GeographicUtil
11 silly lifecycle leaflet-geographicutil@0.0.1~test: Args: [ '-c', 'karma start --single-run --browsers PhantomJS' ]
12 silly lifecycle leaflet-geographicutil@0.0.1~test: Returned: code: 1  signal: null
13 info lifecycle leaflet-geographicutil@0.0.1~test: Failed to exec test script
14 verbose stack Error: leaflet-geographicutil@0.0.1 test: `karma start --single-run --browsers PhantomJS`
14 verbose stack Exit status 1
14 verbose stack     at EventEmitter.<anonymous> (/usr/lib/node_modules/npm/lib/utils/lifecycle.js:255:16)
14 verbose stack     at emitTwo (events.js:106:13)
14 verbose stack     at EventEmitter.emit (events.js:191:7)
14 verbose stack     at ChildProcess.<anonymous> (/usr/lib/node_modules/npm/lib/utils/spawn.js:40:14)
14 verbose stack     at emitTwo (events.js:106:13)
14 verbose stack     at ChildProcess.emit (events.js:191:7)
14 verbose stack     at maybeClose (internal/child_process.js:920:16)
14 verbose stack     at Process.ChildProcess._handle.onexit (internal/child_process.js:230:5)
15 verbose pkgid leaflet-geographicutil@0.0.1
16 verbose cwd /home/nicolas/Projects/Leaflet.GeographicUtil
17 error Linux 4.4.0-127-generic
18 error argv "/usr/bin/node" "/usr/bin/npm" "run" "test"
19 error node v6.11.4
20 error npm  v3.10.10
21 error code ELIFECYCLE
22 error leaflet-geographicutil@0.0.1 test: `karma start --single-run --browsers PhantomJS`
22 error Exit status 1
23 error Failed at the leaflet-geographicutil@0.0.1 test script 'karma start --single-run --browsers PhantomJS'.
23 error Make sure you have the latest version of node.js and npm installed.
23 error If you do, this is most likely a problem with the leaflet-geographicutil package,
23 error not with npm itself.
23 error Tell the author that this fails on your system:
23 error     karma start --single-run --browsers PhantomJS
23 error You can get information on how to open an issue for this project with:
23 error     npm bugs leaflet-geographicutil
23 error Or if that isn't available, you can get their info via:
23 error     npm owner ls leaflet-geographicutil
23 error There is likely additional logging output above.
24 verbose exit [ 1, true ]
